Using pre-set license
Built from '2022.1/staging' branch; Version is '2022.1.0b16 (098023fe5c31) revision 622627'; Using compiler version '192829333'; Build Type 'Release'
OS: 'Windows 10  (10.0.19044) 64bit Core' Language: 'ru' Physical Memory: 16333 MB
BatchMode: 1, IsHumanControllingUs: 0, StartBugReporterOnCrash: 0, Is64bit: 1, IsPro: 1

COMMAND LINE ARGUMENTS:
D:\unity\Unity Hub\Editor\2022.1.0b16\Editor\Unity.exe
-adb2
-batchMode
-noUpm
-name
AssetImportWorker0
-projectPath
C:/Users/Кристиан/Gonka
-logFile
Logs/AssetImportWorker0.log
-srvPort
50070
Successfully changed project path to: C:/Users/Кристиан/Gonka
C:/Users/Кристиан/Gonka
[UnityMemory] Configuration Parameters - Can be set up in boot.config
    "memorysetup-bucket-allocator-granularity=16"
    "memorysetup-bucket-allocator-bucket-count=8"
    "memorysetup-bucket-allocator-block-size=33554432"
    "memorysetup-bucket-allocator-block-count=8"
    "memorysetup-main-allocator-block-size=16777216"
    "memorysetup-thread-allocator-block-size=16777216"
    "memorysetup-gfx-main-allocator-block-size=16777216"
    "memorysetup-gfx-thread-allocator-block-size=16777216"
    "memorysetup-cache-allocator-block-size=4194304"
    "memorysetup-typetree-allocator-block-size=2097152"
    "memorysetup-profiler-bucket-allocator-granularity=16"
    "memorysetup-profiler-bucket-allocator-bucket-count=8"
    "memorysetup-profiler-bucket-allocator-block-size=33554432"
    "memorysetup-profiler-bucket-allocator-block-count=8"
    "memorysetup-profiler-allocator-block-size=16777216"
    "memorysetup-profiler-editor-allocator-block-size=1048576"
    "memorysetup-temp-allocator-size-main=16777216"
    "memorysetup-job-temp-allocator-block-size=2097152"
    "memorysetup-job-temp-allocator-block-size-background=1048576"
    "memorysetup-job-temp-allocator-reduction-small-platforms=262144"
    "memorysetup-temp-allocator-size-background-worker=32768"
    "memorysetup-temp-allocator-size-job-worker=262144"
    "memorysetup-temp-allocator-size-preload-manager=33554432"
    "memorysetup-temp-allocator-size-nav-mesh-worker=65536"
    "memorysetup-temp-allocator-size-audio-worker=65536"
    "memorysetup-temp-allocator-size-cloud-worker=32768"
    "memorysetup-temp-allocator-size-gi-baking-worker=262144"
    "memorysetup-temp-allocator-size-gfx=262144"
Unable to join player connection multicast group.
Unable to join player connection alternative multicast group.
Refreshing native plugins compatible for Editor in 85.07 ms, found 4 plugins.
Preloading 0 native plugins for Editor in 0.00 ms.
Initialize engine version: 2022.1.0b16 (098023fe5c31)
[Subsystems] Discovering subsystems at path D:/unity/Unity Hub/Editor/2022.1.0b16/Editor/Data/Resources/UnitySubsystems
[Subsystems] Discovering subsystems at path C:/Users/Кристиан/Gonka/Assets
GfxDevice: creating device client; threaded=0; jobified=0
Direct3D:
    Version:  Direct3D 11.0 [level 11.1]
    Renderer: NVIDIA GeForce GTX 1660 SUPER (ID=0x21c4)
    Vendor:   NVIDIA
    VRAM:     5991 MB
    Driver:   30.0.15.1179
Initialize mono
Mono path[0] = 'D:/unity/Unity Hub/Editor/2022.1.0b16/Editor/Data/Managed'
Mono path[1] = 'D:/unity/Unity Hub/Editor/2022.1.0b16/Editor/Data/MonoBleedingEdge/lib/mono/unityjit-win32'
Mono config path = 'D:/unity/Unity Hub/Editor/2022.1.0b16/Editor/Data/MonoBleedingEdge/etc'
Using monoOptions --debugger-agent=transport=dt_socket,embedding=1,server=y,suspend=n,address=127.0.0.1:56036
Begin MonoManager ReloadAssembly
Registering precompiled unity dll's ...
Register platform support module: D:/unity/Unity Hub/Editor/2022.1.0b16/Editor/Data/PlaybackEngines/AndroidPlayer/UnityEditor.Android.Extensions.dll
Register platform support module: D:/unity/Unity Hub/Editor/2022.1.0b16/Editor/Data/PlaybackEngines/WindowsStandaloneSupport/UnityEditor.WindowsStandalone.Extensions.dll
Registered in 0.005021 seconds.
Native extension for WindowsStandalone target not found
Native extension for Android target not found
Refreshing native plugins compatible for Editor in 81.37 ms, found 4 plugins.
Preloading 0 native plugins for Editor in 0.00 ms.
Mono: successfully reloaded assembly
- Completed reload, in  0.596 seconds
Domain Reload Profiling:
	ReloadAssembly (597ms)
		BeginReloadAssembly (64ms)
			ExecutionOrderSort (0ms)
			DisableScriptedObjects (0ms)
			BackupInstance (0ms)
			ReleaseScriptingObjects (0ms)
			CreateAndSetChildDomain (1ms)
		EndReloadAssembly (440ms)
			LoadAssemblies (63ms)
			RebuildTransferFunctionScriptingTraits (0ms)
			SetupTypeCache (101ms)
				TypeCache.Initialize (101ms)
					TypeCache.ScanAssembly (99ms)
				ResolveRequiredComponents (0ms)
			ReleaseScriptCaches (0ms)
			RebuildScriptCaches (24ms)
			SetupLoadedEditorAssemblies (271ms)
				LogAssemblyErrors (0ms)
				InitializePlatformSupportModulesInManaged (50ms)
				SetLoadedEditorAssemblies (8ms)
				RefreshPlugins (82ms)
				BeforeProcessingInitializeOnLoad (1ms)
				ProcessInitializeOnLoadAttributes (91ms)
				ProcessInitializeOnLoadMethodAttributes (39ms)
				AfterProcessingInitializeOnLoad (0ms)
				EditorAssembliesLoaded (0ms)
			ExecutionOrderSort2 (0ms)
			AwakeInstancesAfterBackupRestoration (0ms)
Platform modules already initialized, skipping
Registering precompiled user dll's ...
Registered in 0.008370 seconds.
Begin MonoManager ReloadAssembly
Symbol file LoadedFromMemory doesn't match image C:\Users\Кристиан\Gonka\Library\PackageCache\com.unity.visualscripting@1.7.5\Editor\VisualScripting.Core\Dependencies\YamlDotNet\Unity.VisualScripting.YamlDotNet.dll
Symbol file LoadedFromMemory is not a mono symbol file
Symbol file LoadedFromMemory doesn't match image C:\Users\Кристиан\Gonka\Library\PackageCache\com.unity.visualscripting@1.7.5\Editor\VisualScripting.Core\Dependencies\DotNetZip\Unity.VisualScripting.IonicZip.dll
Native extension for WindowsStandalone target not found
Native extension for Android target not found
Refreshing native plugins compatible for Editor in 91.76 ms, found 4 plugins.
Preloading 0 native plugins for Editor in 0.00 ms.
Mono: successfully reloaded assembly
- Completed reload, in  1.167 seconds
Domain Reload Profiling:
	ReloadAssembly (1168ms)
		BeginReloadAssembly (211ms)
			ExecutionOrderSort (0ms)
			DisableScriptedObjects (5ms)
			BackupInstance (0ms)
			ReleaseScriptingObjects (0ms)
			CreateAndSetChildDomain (131ms)
		EndReloadAssembly (856ms)
			LoadAssemblies (93ms)
			RebuildTransferFunctionScriptingTraits (0ms)
			SetupTypeCache (224ms)
				TypeCache.Initialize (220ms)
					TypeCache.ScanAssembly (215ms)
				ResolveRequiredComponents (4ms)
			ReleaseScriptCaches (1ms)
			RebuildScriptCaches (57ms)
			SetupLoadedEditorAssemblies (426ms)
				LogAssemblyErrors (0ms)
				InitializePlatformSupportModulesInManaged (10ms)
				SetLoadedEditorAssemblies (6ms)
				RefreshPlugins (92ms)
				BeforeProcessingInitializeOnLoad (88ms)
				ProcessInitializeOnLoadAttributes (197ms)
				ProcessInitializeOnLoadMethodAttributes (30ms)
				AfterProcessingInitializeOnLoad (3ms)
				EditorAssembliesLoaded (0ms)
			ExecutionOrderSort2 (0ms)
			AwakeInstancesAfterBackupRestoration (7ms)
Platform modules already initialized, skipping
========================================================================
Worker process is ready to serve import requests
Launched and connected shader compiler UnityShaderCompiler.exe after 0.06 seconds
Refreshing native plugins compatible for Editor in 1.32 ms, found 4 plugins.
Preloading 0 native plugins for Editor in 0.00 ms.
Unloading 3938 Unused Serialized files (Serialized files now loaded: 0)
Unloading 35 unused Assets / (57.9 KB). Loaded Objects now: 4401.
Memory consumption went from 0.60 GB to 0.60 GB.
Total: 4.327300 ms (FindLiveObjects: 0.409300 ms CreateObjectMapping: 0.110000 ms MarkObjects: 3.712300 ms  DeleteObjects: 0.093900 ms)

AssetImportParameters requested are different than current active one (requested -> active):
  custom:video-decoder-ogg-theora: a1e56fd34408186e4bbccfd4996cb3dc -> 
  custom:container-muxer-webm: aa71ff27fc2769a1b78a27578f13a17b -> 
  custom:container-demuxer-webm: 4f35f7cbe854078d1ac9338744f61a02 -> 
  custom:video-encoder-webm-vp8: eb34c28f22e8b96e1ab97ce403110664 -> 
  custom:audio-encoder-webm-vorbis: bf7c407c2cedff20999df2af8eb42d56 -> 
  custom:framework-win-MediaFoundation: 216162199b28c13a410421893ffa2e32 -> 
  custom:container-demuxer-ogg: 62fdf1f143b41e24485cea50d1cbac27 -> 
  custom:video-decoder-webm-vp8: 9c59270c3fd7afecdb556c50c9e8de78 -> 
  custom:audio-decoder-ogg-vorbis: bf7c407c2cedff20999df2af8eb42d56 -> 
========================================================================
Received Import Request.
  Time since last request: 226257.160470 seconds.
  path: Assets
  artifactKey: Guid(00000000000000001000000000000000) Importer(815301076,1909f56bfc062723c751e8b465ee728b)
Start importing Assets using Guid(00000000000000001000000000000000) Importer(815301076,1909f56bfc062723c751e8b465ee728b)  -> (artifact id: '6e8165099f8bfd50797b2ebe9f8b211b') in 0.007086 seconds 
========================================================================
Received Import Request.
  Time since last request: 220.810083 seconds.
  path: Assets/New Folder
  artifactKey: Guid(fd5b221056596e140892f11ab9c2fd61) Importer(815301076,1909f56bfc062723c751e8b465ee728b)
Start importing Assets/New Folder using Guid(fd5b221056596e140892f11ab9c2fd61) Importer(815301076,1909f56bfc062723c751e8b465ee728b)  -> (artifact id: '88bbe47d7d380c8c1f94000d534e5633') in 0.007731 seconds 
========================================================================
Received Import Request.
  Time since last request: 221.150994 seconds.
  path: Assets/New Folder/Mobile - Hill Climb Racing - Everything
  artifactKey: Guid(45b2a77dd7b48ba4f940297506f062b3) Importer(815301076,1909f56bfc062723c751e8b465ee728b)
Start importing Assets/New Folder/Mobile - Hill Climb Racing - Everything using Guid(45b2a77dd7b48ba4f940297506f062b3) Importer(815301076,1909f56bfc062723c751e8b465ee728b)  -> (artifact id: '06310e61a5131c4d768a15d32d810437') in 0.006368 seconds 
========================================================================
Received Import Request.
  Time since last request: 0.961099 seconds.
  path: Assets/New Folder/Mobile - Hill Climb Racing - Everything/Everything
  artifactKey: Guid(8c7b7997ca26fe944a2c7f1d98b8a254) Importer(815301076,1909f56bfc062723c751e8b465ee728b)
Start importing Assets/New Folder/Mobile - Hill Climb Racing - Everything/Everything using Guid(8c7b7997ca26fe944a2c7f1d98b8a254) Importer(815301076,1909f56bfc062723c751e8b465ee728b)  -> (artifact id: '15a0c1f019fd766b1ed086ed3b3f00c1') in 0.006547 seconds 
========================================================================
Received Import Request.
  Time since last request: 0.053219 seconds.
  path: Assets/New Folder/Mobile - Hill Climb Racing - Everything/Everything/alien-slime.png
  artifactKey: Guid(22a64439b6bea3c4cbd8589217a0540d) Importer(815301076,1909f56bfc062723c751e8b465ee728b)
Start importing Assets/New Folder/Mobile - Hill Climb Racing - Everything/Everything/alien-slime.png using Guid(22a64439b6bea3c4cbd8589217a0540d) Importer(815301076,1909f56bfc062723c751e8b465ee728b)  -> (artifact id: '6654fe04acc7ca23ab4b50540667c1d3') in 0.179125 seconds 
========================================================================
Received Import Request.
  Time since last request: 0.000026 seconds.
  path: Assets/New Folder/Mobile - Hill Climb Racing - Everything/Everything/car-icon-jeep.png
  artifactKey: Guid(826a5d00eb606844f97a531a42b0ee2f) Importer(815301076,1909f56bfc062723c751e8b465ee728b)
Start importing Assets/New Folder/Mobile - Hill Climb Racing - Everything/Everything/car-icon-jeep.png using Guid(826a5d00eb606844f97a531a42b0ee2f) Importer(815301076,1909f56bfc062723c751e8b465ee728b)  -> (artifact id: '6784f936ad8afcd26b4aa0523ba37b09') in 0.019435 seconds 
========================================================================
Received Import Request.
  Time since last request: 0.000033 seconds.
  path: Assets/New Folder/Mobile - Hill Climb Racing - Everything/Everything/google-play-logo.png
  artifactKey: Guid(a26ab325fdda8ae4c911856bbbcb738f) Importer(815301076,1909f56bfc062723c751e8b465ee728b)
Start importing Assets/New Folder/Mobile - Hill Climb Racing - Everything/Everything/google-play-logo.png using Guid(a26ab325fdda8ae4c911856bbbcb738f) Importer(815301076,1909f56bfc062723c751e8b465ee728b)  -> (artifact id: '3b18bbbf9174c8eee293f7bba9773487') in 0.016580 seconds 
========================================================================
Received Import Request.
  Time since last request: 0.000022 seconds.
  path: Assets/New Folder/Mobile - Hill Climb Racing - Everything/Everything/car-icon-snowmobile.png
  artifactKey: Guid(978db3c7e44749c4c889899228ba4878) Importer(815301076,1909f56bfc062723c751e8b465ee728b)
Start importing Assets/New Folder/Mobile - Hill Climb Racing - Everything/Everything/car-icon-snowmobile.png using Guid(978db3c7e44749c4c889899228ba4878) Importer(815301076,1909f56bfc062723c751e8b465ee728b)  -> (artifact id: '34e0da0abb99079383f6a575898fcb51') in 0.016540 seconds 
========================================================================
Received Import Request.
  Time since last request: 0.000027 seconds.
  path: Assets/New Folder/Mobile - Hill Climb Racing - Everything/Everything/button-sound-enabled.png
  artifactKey: Guid(8b1712dfba6f3d748bf8987d9a2b31de) Importer(815301076,1909f56bfc062723c751e8b465ee728b)
Start importing Assets/New Folder/Mobile - Hill Climb Racing - Everything/Everything/button-sound-enabled.png using Guid(8b1712dfba6f3d748bf8987d9a2b31de) Importer(815301076,1909f56bfc062723c751e8b465ee728b)  -> (artifact id: 'f37900dd3e795bafea33bd4bf4b65085') in 0.014297 seconds 
========================================================================
Received Import Request.
  Time since last request: 0.000023 seconds.
  path: Assets/New Folder/Mobile - Hill Climb Racing - Everything/Everything/fuel-canister.png
  artifactKey: Guid(d540acfac6058a84dba30eb574f5dd67) Importer(815301076,1909f56bfc062723c751e8b465ee728b)
Start importing Assets/New Folder/Mobile - Hill Climb Racing - Everything/Everything/fuel-canister.png using Guid(d540acfac6058a84dba30eb574f5dd67) Importer(815301076,1909f56bfc062723c751e8b465ee728b)  -> (artifact id: '718179f7b32f879393b842a8f8fea02f') in 0.015534 seconds 
========================================================================
Received Import Request.
  Time since last request: 0.000027 seconds.
  path: Assets/New Folder/Mobile - Hill Climb Racing - Everything/Everything/desert-surface.png
  artifactKey: Guid(b270d25ffc024c04caaaef3fe1b460d3) Importer(815301076,1909f56bfc062723c751e8b465ee728b)
Start importing Assets/New Folder/Mobile - Hill Climb Racing - Everything/Everything/desert-surface.png using Guid(b270d25ffc024c04caaaef3fe1b460d3) Importer(815301076,1909f56bfc062723c751e8b465ee728b)  -> (artifact id: '778ae7f25f1052e05892aa97daad8bcb') in 0.013831 seconds 
========================================================================
Received Import Request.
  Time since last request: 0.000020 seconds.
  path: Assets/New Folder/Mobile - Hill Climb Racing - Everything/Everything/bike-driver-hand-part2.png
  artifactKey: Guid(dadaf00b46d8cc448859d6c5adbe18e7) Importer(815301076,1909f56bfc062723c751e8b465ee728b)
Start importing Assets/New Folder/Mobile - Hill Climb Racing - Everything/Everything/bike-driver-hand-part2.png using Guid(dadaf00b46d8cc448859d6c5adbe18e7) Importer(815301076,1909f56bfc062723c751e8b465ee728b)  -> (artifact id: 'a86dd0a2d15f4e31720b28078807ec44') in 0.014562 seconds 
========================================================================
Received Import Request.
  Time since last request: 0.000024 seconds.
  path: Assets/New Folder/Mobile - Hill Climb Racing - Everything/Everything/highway-surface.png
  artifactKey: Guid(e4abe7eeb2f2e54498b80fc75ce5597f) Importer(815301076,1909f56bfc062723c751e8b465ee728b)
Start importing Assets/New Folder/Mobile - Hill Climb Racing - Everything/Everything/highway-surface.png using Guid(e4abe7eeb2f2e54498b80fc75ce5597f) Importer(815301076,1909f56bfc062723c751e8b465ee728b)  -> (artifact id: '5ac09231d2b8b350b85fbfc8910d4e34') in 0.017073 seconds 
========================================================================
Received Import Request.
  Time since last request: 0.000022 seconds.
  path: Assets/New Folder/Mobile - Hill Climb Racing - Everything/Everything/driver-body.png
  artifactKey: Guid(818db4ecb4787fc47bab0ba1c93f425b) Importer(815301076,1909f56bfc062723c751e8b465ee728b)
Start importing Assets/New Folder/Mobile - Hill Climb Racing - Everything/Everything/driver-body.png using Guid(818db4ecb4787fc47bab0ba1c93f425b) Importer(815301076,1909f56bfc062723c751e8b465ee728b)  -> (artifact id: '72d893b7cc3c7c5083ec856d8947809b') in 0.015165 seconds 
========================================================================
Received Import Request.
  Time since last request: 0.000026 seconds.
  path: Assets/New Folder/Mobile - Hill Climb Racing - Everything/Everything/BridgeWoodBlock.png
  artifactKey: Guid(7bdca6edc26564a4ea70b812b759b7df) Importer(815301076,1909f56bfc062723c751e8b465ee728b)
Start importing Assets/New Folder/Mobile - Hill Climb Racing - Everything/Everything/BridgeWoodBlock.png using Guid(7bdca6edc26564a4ea70b812b759b7df) Importer(815301076,1909f56bfc062723c751e8b465ee728b)  -> (artifact id: 'c3e54e56ce8cae07ce20f9afa9d9e3ba') in 0.014175 seconds 
========================================================================
Received Import Request.
  Time since last request: 0.000023 seconds.
  path: Assets/New Folder/Mobile - Hill Climb Racing - Everything/Everything/car-icon-tank.png
  artifactKey: Guid(12785b62ecc1c3c448b45a2cc1ad4499) Importer(815301076,1909f56bfc062723c751e8b465ee728b)
Start importing Assets/New Folder/Mobile - Hill Climb Racing - Everything/Everything/car-icon-tank.png using Guid(12785b62ecc1c3c448b45a2cc1ad4499) Importer(815301076,1909f56bfc062723c751e8b465ee728b)  -> (artifact id: 'c88f9773ef1ce962701bb761f393d585') in 0.016806 seconds 
========================================================================
Received Import Request.
  Time since last request: 0.000023 seconds.
  path: Assets/New Folder/Mobile - Hill Climb Racing - Everything/Everything/icon-discard.png
  artifactKey: Guid(271287758e7330c42914b8cdae165960) Importer(815301076,1909f56bfc062723c751e8b465ee728b)
Start importing Assets/New Folder/Mobile - Hill Climb Racing - Everything/Everything/icon-discard.png using Guid(271287758e7330c42914b8cdae165960) Importer(815301076,1909f56bfc062723c751e8b465ee728b)  -> (artifact id: '5ca39b6697ecf886deffe4d4d5513052') in 0.015210 seconds 
========================================================================
Received Import Request.
  Time since last request: 0.000031 seconds.
  path: Assets/New Folder/Mobile - Hill Climb Racing - Everything/Everything/bike-driver-leg-shoe.png
  artifactKey: Guid(2898a999bae4932449e0a0712797b19c) Importer(815301076,1909f56bfc062723c751e8b465ee728b)
Start importing Assets/New Folder/Mobile - Hill Climb Racing - Everything/Everything/bike-driver-leg-shoe.png using Guid(2898a999bae4932449e0a0712797b19c) Importer(815301076,1909f56bfc062723c751e8b465ee728b)  -> (artifact id: 'd200db42610d76b94c35798aa2d4d1f9') in 0.015990 seconds 
========================================================================
Received Import Request.
  Time since last request: 0.000024 seconds.
  path: Assets/New Folder/Mobile - Hill Climb Racing - Everything/Everything/car-racecar.png
  artifactKey: Guid(a81bb2a8b9ff3834da29f4b61ff4e1bc) Importer(815301076,1909f56bfc062723c751e8b465ee728b)
Start importing Assets/New Folder/Mobile - Hill Climb Racing - Everything/Everything/car-racecar.png using Guid(a81bb2a8b9ff3834da29f4b61ff4e1bc) Importer(815301076,1909f56bfc062723c751e8b465ee728b)  -> (artifact id: '6cf3fcfa7f2c4083ea57bdb293d9b11f') in 0.015532 seconds 
========================================================================
Received Import Request.
  Time since last request: 0.000022 seconds.
  path: Assets/New Folder/Mobile - Hill Climb Racing - Everything/Everything/game-logo.png
  artifactKey: Guid(55201a58fc349c049b8f1885fe1261fe) Importer(815301076,1909f56bfc062723c751e8b465ee728b)
Start importing Assets/New Folder/Mobile - Hill Climb Racing - Everything/Everything/game-logo.png using Guid(55201a58fc349c049b8f1885fe1261fe) Importer(815301076,1909f56bfc062723c751e8b465ee728b)  -> (artifact id: 'e7522edff0daa1cb7510a7cd76a72c24') in 0.019300 seconds 
========================================================================
Received Import Request.
  Time since last request: 0.000025 seconds.
  path: Assets/New Folder/Mobile - Hill Climb Racing - Everything/Everything/car-icon-rallycar.png
  artifactKey: Guid(292d1c110d592b7429ad2dfb16e6c31d) Importer(815301076,1909f56bfc062723c751e8b465ee728b)
Start importing Assets/New Folder/Mobile - Hill Climb Racing - Everything/Everything/car-icon-rallycar.png using Guid(292d1c110d592b7429ad2dfb16e6c31d) Importer(815301076,1909f56bfc062723c751e8b465ee728b)  -> (artifact id: 'd99fc60c27ae2dd56d265991e55778cf') in 0.017126 seconds 
========================================================================
Received Import Request.
  Time since last request: 0.000025 seconds.
  path: Assets/New Folder/Mobile - Hill Climb Racing - Everything/Everything/Car.png
  artifactKey: Guid(f00495d98d6c1d44a8375db8b57efa0c) Importer(815301076,1909f56bfc062723c751e8b465ee728b)
Start importing Assets/New Folder/Mobile - Hill Climb Racing - Everything/Everything/Car.png using Guid(f00495d98d6c1d44a8375db8b57efa0c) Importer(815301076,1909f56bfc062723c751e8b465ee728b)  -> (artifact id: '25ca597a48562dece2b75d09ee741a5d') in 0.015374 seconds 
========================================================================
Received Import Request.
  Time since last request: 0.000022 seconds.
  path: Assets/New Folder/Mobile - Hill Climb Racing - Everything/Everything/bike-driver-leg-part2.png
  artifactKey: Guid(9a657539d3f8c3f49b4c3dd437ab2341) Importer(815301076,1909f56bfc062723c751e8b465ee728b)
Start importing Assets/New Folder/Mobile - Hill Climb Racing - Everything/Everything/bike-driver-leg-part2.png using Guid(9a657539d3f8c3f49b4c3dd437ab2341) Importer(815301076,1909f56bfc062723c751e8b465ee728b)  -> (artifact id: '3e7388b6d7796282fe632131d340f9cf') in 0.014149 seconds 
========================================================================
Received Import Request.
  Time since last request: 0.000048 seconds.
  path: Assets/New Folder/Mobile - Hill Climb Racing - Everything/Everything/bike-motocross.png
  artifactKey: Guid(07dddb3813ab46d419e04bbb5145cab6) Importer(815301076,1909f56bfc062723c751e8b465ee728b)
Start importing Assets/New Folder/Mobile - Hill Climb Racing - Everything/Everything/bike-motocross.png using Guid(07dddb3813ab46d419e04bbb5145cab6) Importer(815301076,1909f56bfc062723c751e8b465ee728b)  -> (artifact id: '12d1003803fd26676c5402cd2f7430a7') in 0.016946 seconds 
========================================================================
Received Import Request.
  Time since last request: 0.000029 seconds.
  path: Assets/New Folder/Mobile - Hill Climb Racing - Everything/Everything/driver-head.png
  artifactKey: Guid(f678f09813245824d949d341cb2483ee) Importer(815301076,1909f56bfc062723c751e8b465ee728b)
Start importing Assets/New Folder/Mobile - Hill Climb Racing - Everything/Everything/driver-head.png using Guid(f678f09813245824d949d341cb2483ee) Importer(815301076,1909f56bfc062723c751e8b465ee728b)  -> (artifact id: '8d073f3f8edbc57cda1f7dbb3e3d6325') in 0.014779 seconds 
========================================================================
Received Import Request.
  Time since last request: 0.000035 seconds.
  path: Assets/New Folder/Mobile - Hill Climb Racing - Everything/Everything/button-bg.png
  artifactKey: Guid(01e9f72b2210ada4ba09c738ebeb7879) Importer(815301076,1909f56bfc062723c751e8b465ee728b)
Start importing Assets/New Folder/Mobile - Hill Climb Racing - Everything/Everything/button-bg.png using Guid(01e9f72b2210ada4ba09c738ebeb7879) Importer(815301076,1909f56bfc062723c751e8b465ee728b)  -> (artifact id: '0ef5706953afa31caf69bc12c0c05ca5') in 0.017215 seconds 
========================================================================
Received Import Request.
  Time since last request: 0.000038 seconds.
  path: Assets/New Folder/Mobile - Hill Climb Racing - Everything/Everything/CloseNormal.png
  artifactKey: Guid(a443f81186737a34788b90b8b1249d3c) Importer(815301076,1909f56bfc062723c751e8b465ee728b)
Start importing Assets/New Folder/Mobile - Hill Climb Racing - Everything/Everything/CloseNormal.png using Guid(a443f81186737a34788b90b8b1249d3c) Importer(815301076,1909f56bfc062723c751e8b465ee728b)  -> (artifact id: '19af491f1012f5711c58e29619ea2af2') in 0.015700 seconds 
========================================================================
Received Import Request.
  Time since last request: 0.000030 seconds.
  path: Assets/New Folder/Mobile - Hill Climb Racing - Everything/Everything/car-tank-cannon.png
  artifactKey: Guid(dbf535edaec41b44697a33c160d75986) Importer(815301076,1909f56bfc062723c751e8b465ee728b)
Start importing Assets/New Folder/Mobile - Hill Climb Racing - Everything/Everything/car-tank-cannon.png using Guid(dbf535edaec41b44697a33c160d75986) Importer(815301076,1909f56bfc062723c751e8b465ee728b)  -> (artifact id: 'c9b618174f0a1e461ef776f354af4974') in 0.016964 seconds 
========================================================================
Received Import Request.
  Time since last request: 0.000032 seconds.
  path: Assets/New Folder/Mobile - Hill Climb Racing - Everything/Everything/icon-accept.png
  artifactKey: Guid(8895cdb14c15efa4c912e1b18adb0260) Importer(815301076,1909f56bfc062723c751e8b465ee728b)
Start importing Assets/New Folder/Mobile - Hill Climb Racing - Everything/Everything/icon-accept.png using Guid(8895cdb14c15efa4c912e1b18adb0260) Importer(815301076,1909f56bfc062723c751e8b465ee728b)  -> (artifact id: '4dba40f29f06f086d201b28fc131c58e') in 0.013890 seconds 
========================================================================
Received Import Request.
  Time since last request: 0.000026 seconds.
  path: Assets/New Folder/Mobile - Hill Climb Racing - Everything/Everything/distance-icon.png
  artifactKey: Guid(4f0ae3245c1dcf54a9a0eec7ce1819ff) Importer(815301076,1909f56bfc062723c751e8b465ee728b)
Start importing Assets/New Folder/Mobile - Hill Climb Racing - Everything/Everything/distance-icon.png using Guid(4f0ae3245c1dcf54a9a0eec7ce1819ff) Importer(815301076,1909f56bfc062723c751e8b465ee728b)  -> (artifact id: '8d0938ee2e68d47a20afdb7f5a21ebc6') in 0.015204 seconds 
========================================================================
Received Import Request.
  Time since last request: 0.000027 seconds.
  path: Assets/New Folder/Mobile - Hill Climb Racing - Everything/Everything/Coin100.png
  artifactKey: Guid(bfd4cf7a373384f4face49cac04ff8e9) Importer(815301076,1909f56bfc062723c751e8b465ee728b)
Start importing Assets/New Folder/Mobile - Hill Climb Racing - Everything/Everything/Coin100.png using Guid(bfd4cf7a373384f4face49cac04ff8e9) Importer(815301076,1909f56bfc062723c751e8b465ee728b)  -> (artifact id: '339eb5e2331fd90baed0c42bd25d2f9d') in 0.014969 seconds 
========================================================================
Received Import Request.
  Time since last request: 0.000028 seconds.
  path: Assets/New Folder/Mobile - Hill Climb Racing - Everything/Everything/car-tank.png
  artifactKey: Guid(6bb5de51a62fb984985418c079dcc18c) Importer(815301076,1909f56bfc062723c751e8b465ee728b)
Start importing Assets/New Folder/Mobile - Hill Climb Racing - Everything/Everything/car-tank.png using Guid(6bb5de51a62fb984985418c079dcc18c) Importer(815301076,1909f56bfc062723c751e8b465ee728b)  -> (artifact id: 'f1c9986295e7c9373a85662f59d14386') in 0.016088 seconds 
========================================================================
Received Import Request.
  Time since last request: 0.000027 seconds.
  path: Assets/New Folder/Mobile - Hill Climb Racing - Everything/Everything/Coin5.png
  artifactKey: Guid(864d727c7554f674ca48a4beef8c9814) Importer(815301076,1909f56bfc062723c751e8b465ee728b)
Start importing Assets/New Folder/Mobile - Hill Climb Racing - Everything/Everything/Coin5.png using Guid(864d727c7554f674ca48a4beef8c9814) Importer(815301076,1909f56bfc062723c751e8b465ee728b)  -> (artifact id: '301aa2808b10d18e9c53802b357c7f1f') in 0.016366 seconds 
========================================================================
Received Import Request.
  Time since last request: 0.000031 seconds.
  path: Assets/New Folder/Mobile - Hill Climb Racing - Everything/Everything/car-snowmobile-body.png
  artifactKey: Guid(75c292bd8a36ccf4b885c8c9f5e441b6) Importer(815301076,1909f56bfc062723c751e8b465ee728b)
Start importing Assets/New Folder/Mobile - Hill Climb Racing - Everything/Everything/car-snowmobile-body.png using Guid(75c292bd8a36ccf4b885c8c9f5e441b6) Importer(815301076,1909f56bfc062723c751e8b465ee728b)  -> (artifact id: '422aeacd95bea13eca57e65059014ba3') in 0.018342 seconds 
========================================================================
Received Import Request.
  Time since last request: 0.000051 seconds.
  path: Assets/New Folder/Mobile - Hill Climb Racing - Everything/Everything/coin-icon.png
  artifactKey: Guid(10aadaa9a933a264f825d4fd1c70c6b6) Importer(815301076,1909f56bfc062723c751e8b465ee728b)
Start importing Assets/New Folder/Mobile - Hill Climb Racing - Everything/Everything/coin-icon.png using Guid(10aadaa9a933a264f825d4fd1c70c6b6) Importer(815301076,1909f56bfc062723c751e8b465ee728b)  -> (artifact id: '1d1ca57534911399af4077f360a1c190') in 0.014960 seconds 
========================================================================
Received Import Request.
  Time since last request: 0.000022 seconds.
  path: Assets/New Folder/Mobile - Hill Climb Racing - Everything/Everything/desert-ground.png
  artifactKey: Guid(9ef4b4aca528b1c41a13043a1da528bb) Importer(815301076,1909f56bfc062723c751e8b465ee728b)
Start importing Assets/New Folder/Mobile - Hill Climb Racing - Everything/Everything/desert-ground.png using Guid(9ef4b4aca528b1c41a13043a1da528bb) Importer(815301076,1909f56bfc062723c751e8b465ee728b)  -> (artifact id: '056dae6f14ede6e610c99641618cdc95') in 0.029153 seconds 
========================================================================
Received Import Request.
  Time since last request: 0.000025 seconds.
  path: Assets/New Folder/Mobile - Hill Climb Racing - Everything/Everything/car-monster.png
  artifactKey: Guid(59bb7dfa7fbbc9a4b9fb571eb485d697) Importer(815301076,1909f56bfc062723c751e8b465ee728b)
Start importing Assets/New Folder/Mobile - Hill Climb Racing - Everything/Everything/car-monster.png using Guid(59bb7dfa7fbbc9a4b9fb571eb485d697) Importer(815301076,1909f56bfc062723c751e8b465ee728b)  -> (artifact id: '4425ac5af34dbc308f1c636d9b30e24b') in 0.017345 seconds 
========================================================================
Received Import Request.
  Time since last request: 0.000021 seconds.
  path: Assets/New Folder/Mobile - Hill Climb Racing - Everything/Everything/car-tank-bg.png
  artifactKey: Guid(073ef712f6ab70c4b8480bba9f0527c1) Importer(815301076,1909f56bfc062723c751e8b465ee728b)
Start importing Assets/New Folder/Mobile - Hill Climb Racing - Everything/Everything/car-tank-bg.png using Guid(073ef712f6ab70c4b8480bba9f0527c1) Importer(815301076,1909f56bfc062723c751e8b465ee728b)  -> (artifact id: '91ceea2ee210f603d7c9a317a6d45d6b') in 0.016101 seconds 
========================================================================
Received Import Request.
  Time since last request: 0.000100 seconds.
  path: Assets/New Folder/Mobile - Hill Climb Racing - Everything/Everything/iceshard.png
  artifactKey: Guid(afbcc9e338bef904aa64e77626b12464) Importer(815301076,1909f56bfc062723c751e8b465ee728b)
Start importing Assets/New Folder/Mobile - Hill Climb Racing - Everything/Everything/iceshard.png using Guid(afbcc9e338bef904aa64e77626b12464) Importer(815301076,1909f56bfc062723c751e8b465ee728b)  -> (artifact id: 'c585cfd3c61ff3ed708ee5195e54f2bd') in 0.015707 seconds 
========================================================================
Received Import Request.
  Time since last request: 0.000038 seconds.
  path: Assets/New Folder/Mobile - Hill Climb Racing - Everything/Everything/dirt.png
  artifactKey: Guid(d1d1bb8a930dd4b4394baa7e6a5e2c6c) Importer(815301076,1909f56bfc062723c751e8b465ee728b)
Start importing Assets/New Folder/Mobile - Hill Climb Racing - Everything/Everything/dirt.png using Guid(d1d1bb8a930dd4b4394baa7e6a5e2c6c) Importer(815301076,1909f56bfc062723c751e8b465ee728b)  -> (artifact id: '25ca6badb95d2dbd2242c0fd5f097d3e') in 0.016590 seconds 
========================================================================
Received Import Request.
  Time since last request: 0.000021 seconds.
  path: Assets/New Folder/Mobile - Hill Climb Racing - Everything/Everything/highway-sky-bg.png
  artifactKey: Guid(a2b815caacd0e3a4ab07dfcff16163d6) Importer(815301076,1909f56bfc062723c751e8b465ee728b)
Start importing Assets/New Folder/Mobile - Hill Climb Racing - Everything/Everything/highway-sky-bg.png using Guid(a2b815caacd0e3a4ab07dfcff16163d6) Importer(815301076,1909f56bfc062723c751e8b465ee728b)  -> (artifact id: '5e4802d10a7fbf69f9cb6beafcc249a2') in 0.017190 seconds 
========================================================================
Received Import Request.
  Time since last request: 36.585794 seconds.
  path: Assets/New Folder/Mobile - Hill Climb Racing - Everything/Everything/icon-previous.png
  artifactKey: Guid(0ebb9122aad225c4d88b6aa342058327) Importer(815301076,1909f56bfc062723c751e8b465ee728b)
Start importing Assets/New Folder/Mobile - Hill Climb Racing - Everything/Everything/icon-previous.png using Guid(0ebb9122aad225c4d88b6aa342058327) Importer(815301076,1909f56bfc062723c751e8b465ee728b)  -> (artifact id: 'e1a3b90bbd0650f35db463852ca67943') in 0.016999 seconds 
========================================================================
Received Import Request.
  Time since last request: 0.000025 seconds.
  path: Assets/New Folder/Mobile - Hill Climb Racing - Everything/Everything/lowres-meter-rpm.png
  artifactKey: Guid(ba115dc48e32dc84e939476442a13435) Importer(815301076,1909f56bfc062723c751e8b465ee728b)
Start importing Assets/New Folder/Mobile - Hill Climb Racing - Everything/Everything/lowres-meter-rpm.png using Guid(ba115dc48e32dc84e939476442a13435) Importer(815301076,1909f56bfc062723c751e8b465ee728b)  -> (artifact id: '8ebf57d7b8e702d2084ff2598a2f0f62') in 0.017390 seconds 
========================================================================
Received Import Request.
  Time since last request: 0.000029 seconds.
  path: Assets/New Folder/Mobile - Hill Climb Racing - Everything/Everything/icon-start.png
  artifactKey: Guid(443edcca244b5b94fa3ee42ecfa85924) Importer(815301076,1909f56bfc062723c751e8b465ee728b)
Start importing Assets/New Folder/Mobile - Hill Climb Racing - Everything/Everything/icon-start.png using Guid(443edcca244b5b94fa3ee42ecfa85924) Importer(815301076,1909f56bfc062723c751e8b465ee728b)  -> (artifact id: 'e9c1f1c91db550ed80c560f3afcec5ca') in 0.016638 seconds 
========================================================================
Received Import Request.
  Time since last request: 0.000026 seconds.
  path: Assets/New Folder/Mobile - Hill Climb Racing - Everything/Everything/lowres-highway-surface.png
  artifactKey: Guid(119fc8a96891fe647b84551dbb6176fa) Importer(815301076,1909f56bfc062723c751e8b465ee728b)
Start importing Assets/New Folder/Mobile - Hill Climb Racing - Everything/Everything/lowres-highway-surface.png using Guid(119fc8a96891fe647b84551dbb6176fa) Importer(815301076,1909f56bfc062723c751e8b465ee728b)  -> (artifact id: '3f06b464123594c9645f1218397835b8') in 0.015796 seconds 
========================================================================
Received Import Request.
  Time since last request: 0.000036 seconds.
  path: Assets/New Folder/Mobile - Hill Climb Racing - Everything/Everything/lowres-moon-surface.png
  artifactKey: Guid(ceddf74396caf364ab33a65e1db7693a) Importer(815301076,1909f56bfc062723c751e8b465ee728b)
Start importing Assets/New Folder/Mobile - Hill Climb Racing - Everything/Everything/lowres-moon-surface.png using Guid(ceddf74396caf364ab33a65e1db7693a) Importer(815301076,1909f56bfc062723c751e8b465ee728b)  -> (artifact id: '2b289d561840c94b345272a9c1e541a5') in 0.016298 seconds 
========================================================================
Received Import Request.
  Time since last request: 0.000033 seconds.
  path: Assets/New Folder/Mobile - Hill Climb Racing - Everything/Everything/lowres-arctic-ground.png
  artifactKey: Guid(33b12eec53f73cc43a10a13aa3dc1fba) Importer(815301076,1909f56bfc062723c751e8b465ee728b)
Start importing Assets/New Folder/Mobile - Hill Climb Racing - Everything/Everything/lowres-arctic-ground.png using Guid(33b12eec53f73cc43a10a13aa3dc1fba) Importer(815301076,1909f56bfc062723c751e8b465ee728b)  -> (artifact id: 'cba398e568066f199c0acbae9559b063') in 0.020267 seconds 
========================================================================
Received Import Request.
  Time since last request: 0.000029 seconds.
  path: Assets/New Folder/Mobile - Hill Climb Racing - Everything/Everything/lowres-pedal-brake-normal.png
  artifactKey: Guid(740488debbdd4e640b9a42b044111e79) Importer(815301076,1909f56bfc062723c751e8b465ee728b)
Start importing Assets/New Folder/Mobile - Hill Climb Racing - Everything/Everything/lowres-pedal-brake-normal.png using Guid(740488debbdd4e640b9a42b044111e79) Importer(815301076,1909f56bfc062723c751e8b465ee728b)  -> (artifact id: '2161ea697aeb849792db9c4ebe10a517') in 0.015712 seconds 
========================================================================
Received Import Request.
  Time since last request: 1.323690 seconds.
  path: Assets/New Folder/Mobile - Hill Climb Racing - Everything/Everything/lowres-stage-icon-alienplanet.png
  artifactKey: Guid(48e11fe5b62064342a558dd554925a3b) Importer(815301076,1909f56bfc062723c751e8b465ee728b)
Start importing Assets/New Folder/Mobile - Hill Climb Racing - Everything/Everything/lowres-stage-icon-alienplanet.png using Guid(48e11fe5b62064342a558dd554925a3b) Importer(815301076,1909f56bfc062723c751e8b465ee728b)  -> (artifact id: '82e372ea4f8294be8df6f162bf5ec51b') in 0.026024 seconds 
========================================================================
Received Import Request.
  Time since last request: 0.000031 seconds.
  path: Assets/New Folder/Mobile - Hill Climb Racing - Everything/Everything/lowres-stage-icon-forest.png
  artifactKey: Guid(f9546e214830181469736669d4c7468c) Importer(815301076,1909f56bfc062723c751e8b465ee728b)
Start importing Assets/New Folder/Mobile - Hill Climb Racing - Everything/Everything/lowres-stage-icon-forest.png using Guid(f9546e214830181469736669d4c7468c) Importer(815301076,1909f56bfc062723c751e8b465ee728b)  -> (artifact id: '1dbebafe722cf8a16f1d93fa879605a8') in 0.030176 seconds 
========================================================================
Received Import Request.
  Time since last request: 0.000034 seconds.
  path: Assets/New Folder/Mobile - Hill Climb Racing - Everything/Everything/lowres-stage-icon-arctic-cave.png
  artifactKey: Guid(ea9b1f5014a14f74b886bc2fb2c2b86f) Importer(815301076,1909f56bfc062723c751e8b465ee728b)
Start importing Assets/New Folder/Mobile - Hill Climb Racing - Everything/Everything/lowres-stage-icon-arctic-cave.png using Guid(ea9b1f5014a14f74b886bc2fb2c2b86f) Importer(815301076,1909f56bfc062723c751e8b465ee728b)  -> (artifact id: '342828d208ce1af3345e43ed22bc7130') in 0.037246 seconds 
========================================================================
Received Import Request.
  Time since last request: 0.000033 seconds.
  path: Assets/New Folder/Mobile - Hill Climb Racing - Everything/Everything/lowres-stage-icon-desert.png
  artifactKey: Guid(d015735109342094f8a6f96352265979) Importer(815301076,1909f56bfc062723c751e8b465ee728b)
Start importing Assets/New Folder/Mobile - Hill Climb Racing - Everything/Everything/lowres-stage-icon-desert.png using Guid(d015735109342094f8a6f96352265979) Importer(815301076,1909f56bfc062723c751e8b465ee728b)  -> (artifact id: '6608d93d1625a3364b93f476db2e1575') in 0.034396 seconds 
========================================================================
Received Import Request.
  Time since last request: 0.000027 seconds.
  path: Assets/New Folder/Mobile - Hill Climb Racing - Everything/Everything/meter-needle.png
  artifactKey: Guid(cd88baae81d1bff4a87d985ee4bef0af) Importer(815301076,1909f56bfc062723c751e8b465ee728b)
Start importing Assets/New Folder/Mobile - Hill Climb Racing - Everything/Everything/meter-needle.png using Guid(cd88baae81d1bff4a87d985ee4bef0af) Importer(815301076,1909f56bfc062723c751e8b465ee728b)  -> (artifact id: '21e2449280e4ef98f9396661a2ca5b4e') in 0.026351 seconds 
========================================================================
Received Import Request.
  Time since last request: 0.000025 seconds.
  path: Assets/New Folder/Mobile - Hill Climb Racing - Everything/Everything/menu-bg.png
  artifactKey: Guid(867e7c85e966fcd478cae00faa85688c) Importer(815301076,1909f56bfc062723c751e8b465ee728b)
Start importing Assets/New Folder/Mobile - Hill Climb Racing - Everything/Everything/menu-bg.png using Guid(867e7c85e966fcd478cae00faa85688c) Importer(815301076,1909f56bfc062723c751e8b465ee728b)  -> (artifact id: 'a8a28c16a5ebc1c4e29733c2a2a215b4') in 0.041375 seconds 
========================================================================
Received Import Request.
  Time since last request: 0.000022 seconds.
  path: Assets/New Folder/Mobile - Hill Climb Racing - Everything/Everything/mars-ground.png
  artifactKey: Guid(7bf89383125b2764c8a19ae65864160a) Importer(815301076,1909f56bfc062723c751e8b465ee728b)
Start importing Assets/New Folder/Mobile - Hill Climb Racing - Everything/Everything/mars-ground.png using Guid(7bf89383125b2764c8a19ae65864160a) Importer(815301076,1909f56bfc062723c751e8b465ee728b)  -> (artifact id: 'c69855c2b51b1c28959ec564771aa031') in 0.038566 seconds 
========================================================================
Received Import Request.
  Time since last request: 0.000026 seconds.
  path: Assets/New Folder/Mobile - Hill Climb Racing - Everything/Everything/lowres-terrain-surface.png
  artifactKey: Guid(d039ff8220d9fb04b927ccbb5588982e) Importer(815301076,1909f56bfc062723c751e8b465ee728b)
Start importing Assets/New Folder/Mobile - Hill Climb Racing - Everything/Everything/lowres-terrain-surface.png using Guid(d039ff8220d9fb04b927ccbb5588982e) Importer(815301076,1909f56bfc062723c751e8b465ee728b)  -> (artifact id: 'e386dbfc656dcf605375f7ec20fd3705') in 0.014684 seconds 
========================================================================
Received Import Request.
  Time since last request: 0.000030 seconds.
  path: Assets/New Folder/Mobile - Hill Climb Racing - Everything/Everything/lowres-terrain-forest-ground.png
  artifactKey: Guid(3463ba1a83f93b647ab3b7a1bebd6b0d) Importer(815301076,1909f56bfc062723c751e8b465ee728b)
Start importing Assets/New Folder/Mobile - Hill Climb Racing - Everything/Everything/lowres-terrain-forest-ground.png using Guid(3463ba1a83f93b647ab3b7a1bebd6b0d) Importer(815301076,1909f56bfc062723c751e8b465ee728b)  -> (artifact id: '687a12646565d254a588e5e2cfd1056c') in 0.024916 seconds 
========================================================================
Received Import Request.
  Time since last request: 0.000046 seconds.
  path: Assets/New Folder/Mobile - Hill Climb Racing - Everything/Everything/lowres-terrain-alien.png
  artifactKey: Guid(1405079b06a061c469e83ce4834c5076) Importer(815301076,1909f56bfc062723c751e8b465ee728b)
Start importing Assets/New Folder/Mobile - Hill Climb Racing - Everything/Everything/lowres-terrain-alien.png using Guid(1405079b06a061c469e83ce4834c5076) Importer(815301076,1909f56bfc062723c751e8b465ee728b)  -> (artifact id: '0bc92a3308610a9a5b520f4d400f8869') in 0.022308 seconds 
========================================================================
Received Import Request.
  Time since last request: 0.000038 seconds.
  path: Assets/New Folder/Mobile - Hill Climb Racing - Everything/Everything/lowres-stage-icon-cave.png
  artifactKey: Guid(81d580422e2103b4fb6b68fac17180a4) Importer(815301076,1909f56bfc062723c751e8b465ee728b)
Start importing Assets/New Folder/Mobile - Hill Climb Racing - Everything/Everything/lowres-stage-icon-cave.png using Guid(81d580422e2103b4fb6b68fac17180a4) Importer(815301076,1909f56bfc062723c751e8b465ee728b)  -> (artifact id: '6101891428dfdcc691b0b0a6762ddbd1') in 0.016610 seconds 
========================================================================
Received Import Request.
  Time since last request: 0.334937 seconds.
  path: Assets/New Folder/Mobile - Hill Climb Racing - Everything/Everything/moon-bg.png
  artifactKey: Guid(dc127646cfbf1504793d6e493464add2) Importer(815301076,1909f56bfc062723c751e8b465ee728b)
Start importing Assets/New Folder/Mobile - Hill Climb Racing - Everything/Everything/moon-bg.png using Guid(dc127646cfbf1504793d6e493464add2) Importer(815301076,1909f56bfc062723c751e8b465ee728b)  -> (artifact id: 'eac6c2743f04751069ce8d4d3b2ab2bd') in 0.017209 seconds 
========================================================================
Received Import Request.
  Time since last request: 0.000031 seconds.
  path: Assets/New Folder/Mobile - Hill Climb Racing - Everything/Everything/pedal-brake-normal.png
  artifactKey: Guid(7c93eb5c3beb18c41a540d5511827081) Importer(815301076,1909f56bfc062723c751e8b465ee728b)
Start importing Assets/New Folder/Mobile - Hill Climb Racing - Everything/Everything/pedal-brake-normal.png using Guid(7c93eb5c3beb18c41a540d5511827081) Importer(815301076,1909f56bfc062723c751e8b465ee728b)  -> (artifact id: 'f31212ef52f4e79cef08577bef88c279') in 0.019495 seconds 
========================================================================
Received Import Request.
  Time since last request: 0.000026 seconds.
  path: Assets/New Folder/Mobile - Hill Climb Racing - Everything/Everything/stage-icon-alienplanet.png
  artifactKey: Guid(8244c819f9f71da449965e3bef787f56) Importer(815301076,1909f56bfc062723c751e8b465ee728b)
Start importing Assets/New Folder/Mobile - Hill Climb Racing - Everything/Everything/stage-icon-alienplanet.png using Guid(8244c819f9f71da449965e3bef787f56) Importer(815301076,1909f56bfc062723c751e8b465ee728b)  -> (artifact id: 'ffbfe295e8904464a630c06cfb622f3c') in 0.027260 seconds 
========================================================================
Received Import Request.
  Time since last request: 0.000022 seconds.
  path: Assets/New Folder/Mobile - Hill Climb Racing - Everything/Everything/stage-icon-cave.png
  artifactKey: Guid(9e66cdcb62321f9468e52586fe9e6d46) Importer(815301076,1909f56bfc062723c751e8b465ee728b)
Start importing Assets/New Folder/Mobile - Hill Climb Racing - Everything/Everything/stage-icon-cave.png using Guid(9e66cdcb62321f9468e52586fe9e6d46) Importer(815301076,1909f56bfc062723c751e8b465ee728b)  -> (artifact id: '8c29f39f75aff2510c97b2c0cadaf06c') in 0.020691 seconds 
========================================================================
Received Import Request.
  Time since last request: 0.000031 seconds.
  path: Assets/New Folder/Mobile - Hill Climb Racing - Everything/Everything/rocks.png
  artifactKey: Guid(96c0b714f1556164e8287e1227144c16) Importer(815301076,1909f56bfc062723c751e8b465ee728b)
Start importing Assets/New Folder/Mobile - Hill Climb Racing - Everything/Everything/rocks.png using Guid(96c0b714f1556164e8287e1227144c16) Importer(815301076,1909f56bfc062723c751e8b465ee728b)  -> (artifact id: '8665959df00d4b3828b8f0b4e74bfdad') in 0.014455 seconds 
========================================================================
Received Import Request.
  Time since last request: 0.000019 seconds.
  path: Assets/New Folder/Mobile - Hill Climb Racing - Everything/Everything/save-50.png
  artifactKey: Guid(23a43b758dbfa4b4fbf186704c0781f4) Importer(815301076,1909f56bfc062723c751e8b465ee728b)
Start importing Assets/New Folder/Mobile - Hill Climb Racing - Everything/Everything/save-50.png using Guid(23a43b758dbfa4b4fbf186704c0781f4) Importer(815301076,1909f56bfc062723c751e8b465ee728b)  -> (artifact id: '70fa0d44bb359890b93cd5a0f4657ca3') in 0.017514 seconds 
========================================================================
Received Import Request.
  Time since last request: 0.000030 seconds.
  path: Assets/New Folder/Mobile - Hill Climb Racing - Everything/Everything/notification-bubble.png
  artifactKey: Guid(1284cef7ad5dc6c43b1d69d7aa99926e) Importer(815301076,1909f56bfc062723c751e8b465ee728b)
Start importing Assets/New Folder/Mobile - Hill Climb Racing - Everything/Everything/notification-bubble.png using Guid(1284cef7ad5dc6c43b1d69d7aa99926e) Importer(815301076,1909f56bfc062723c751e8b465ee728b)  -> (artifact id: 'da835579f656e74f801dc492793b28b5') in 0.017300 seconds 
========================================================================
Received Import Request.
  Time since last request: 0.000022 seconds.
  path: Assets/New Folder/Mobile - Hill Climb Racing - Everything/Everything/pedal-brake-pressed.png
  artifactKey: Guid(9f5b863216b3ba04e809b46d9b49d10c) Importer(815301076,1909f56bfc062723c751e8b465ee728b)
Start importing Assets/New Folder/Mobile - Hill Climb Racing - Everything/Everything/pedal-brake-pressed.png using Guid(9f5b863216b3ba04e809b46d9b49d10c) Importer(815301076,1909f56bfc062723c751e8b465ee728b)  -> (artifact id: '3551d41aac009bfc01f26c9ea75da98c') in 0.020144 seconds 
========================================================================
Received Import Request.
  Time since last request: 0.000028 seconds.
  path: Assets/New Folder/Mobile - Hill Climb Racing - Everything/Everything/tree-part1.png
  artifactKey: Guid(9b4661a4ad9177741918fdd6f9e5bb9c) Importer(815301076,1909f56bfc062723c751e8b465ee728b)
Start importing Assets/New Folder/Mobile - Hill Climb Racing - Everything/Everything/tree-part1.png using Guid(9b4661a4ad9177741918fdd6f9e5bb9c) Importer(815301076,1909f56bfc062723c751e8b465ee728b)  -> (artifact id: '5d20cb8d375381ec11c4fd9cab76d939') in 0.014761 seconds 
========================================================================
Received Import Request.
  Time since last request: 0.000027 seconds.
  path: Assets/New Folder/Mobile - Hill Climb Racing - Everything/Everything/terrain-ground.png
  artifactKey: Guid(cfbcfbb2454cdc14cb4384949f88f933) Importer(815301076,1909f56bfc062723c751e8b465ee728b)
Start importing Assets/New Folder/Mobile - Hill Climb Racing - Everything/Everything/terrain-ground.png using Guid(cfbcfbb2454cdc14cb4384949f88f933) Importer(815301076,1909f56bfc062723c751e8b465ee728b)  -> (artifact id: '6d52be455871cc938ede18612b8f265c') in 0.024369 seconds 
========================================================================
Received Import Request.
  Time since last request: 0.000026 seconds.
  path: Assets/New Folder/Mobile - Hill Climb Racing - Everything/Everything/sky-cloud.png
  artifactKey: Guid(1f31791eb69c0744e8c84634f7d46dff) Importer(815301076,1909f56bfc062723c751e8b465ee728b)
Start importing Assets/New Folder/Mobile - Hill Climb Racing - Everything/Everything/sky-cloud.png using Guid(1f31791eb69c0744e8c84634f7d46dff) Importer(815301076,1909f56bfc062723c751e8b465ee728b)  -> (artifact id: '5ecbc3f19a4f909c05b85001a3a06c7d') in 0.018759 seconds 
========================================================================
Received Import Request.
  Time since last request: 0.000028 seconds.
  path: Assets/New Folder/Mobile - Hill Climb Racing - Everything/Everything/wide-button-bg.png
  artifactKey: Guid(7080391fb5a27c544b5207627295480f) Importer(815301076,1909f56bfc062723c751e8b465ee728b)
Start importing Assets/New Folder/Mobile - Hill Climb Racing - Everything/Everything/wide-button-bg.png using Guid(7080391fb5a27c544b5207627295480f) Importer(815301076,1909f56bfc062723c751e8b465ee728b)  -> (artifact id: '79003e87b594a37914cbe3d58273332d') in 0.018903 seconds 
========================================================================
Received Import Request.
  Time since last request: 0.000026 seconds.
  path: Assets/New Folder/Mobile - Hill Climb Racing - Everything/Everything/PauseScreen.png
  artifactKey: Guid(d9c6d7e2ba02472489ce83c21f363fbb) Importer(815301076,1909f56bfc062723c751e8b465ee728b)
Start importing Assets/New Folder/Mobile - Hill Climb Racing - Everything/Everything/PauseScreen.png using Guid(d9c6d7e2ba02472489ce83c21f363fbb) Importer(815301076,1909f56bfc062723c751e8b465ee728b)  -> (artifact id: '5925cde94e97c31fc22791ad8db3a974') in 0.031204 seconds 
========================================================================
Received Import Request.
  Time since last request: 0.000043 seconds.
  path: Assets/New Folder/Mobile - Hill Climb Racing - Everything/Everything/pedal-gas-normal.png
  artifactKey: Guid(2b5fd3941f74c9144bd1b1326093cdd0) Importer(815301076,1909f56bfc062723c751e8b465ee728b)
Start importing Assets/New Folder/Mobile - Hill Climb Racing - Everything/Everything/pedal-gas-normal.png using Guid(2b5fd3941f74c9144bd1b1326093cdd0) Importer(815301076,1909f56bfc062723c751e8b465ee728b)  -> (artifact id: '699eedc27e3e60a07d927e3f92442b53') in 0.020285 seconds 
========================================================================
Received Import Request.
  Time since last request: 0.000041 seconds.
  path: Assets/New Folder/Mobile - Hill Climb Racing - Everything/Everything/stage-icon-forest.png
  artifactKey: Guid(4c2f7e815d980d246bf97a5f9eb2ab72) Importer(815301076,1909f56bfc062723c751e8b465ee728b)
Start importing Assets/New Folder/Mobile - Hill Climb Racing - Everything/Everything/stage-icon-forest.png using Guid(4c2f7e815d980d246bf97a5f9eb2ab72) Importer(815301076,1909f56bfc062723c751e8b465ee728b)  -> (artifact id: 'b22d5c25324772235a1f7fd7eca114ac') in 0.024598 seconds 
========================================================================
Received Import Request.
  Time since last request: 0.000029 seconds.
  path: Assets/New Folder/Mobile - Hill Climb Racing - Everything/Everything/terrain-alien-surface.png
  artifactKey: Guid(b15e699b6111ec248b6fb3ed38c42c10) Importer(815301076,1909f56bfc062723c751e8b465ee728b)
Start importing Assets/New Folder/Mobile - Hill Climb Racing - Everything/Everything/terrain-alien-surface.png using Guid(b15e699b6111ec248b6fb3ed38c42c10) Importer(815301076,1909f56bfc062723c751e8b465ee728b)  -> (artifact id: '7c5038d159449fa5da570df445473160') in 0.017425 seconds 
========================================================================
Received Import Request.
  Time since last request: 0.000028 seconds.
  path: Assets/New Folder/Mobile - Hill Climb Racing - Everything/Everything/terrain-cave-surface.png
  artifactKey: Guid(5818124065bff6a4e82fe48011d63e16) Importer(815301076,1909f56bfc062723c751e8b465ee728b)
Start importing Assets/New Folder/Mobile - Hill Climb Racing - Everything/Everything/terrain-cave-surface.png using Guid(5818124065bff6a4e82fe48011d63e16) Importer(815301076,1909f56bfc062723c751e8b465ee728b)  -> (artifact id: '66ec8001f8aafdf4486ed591224e32a7') in 0.016898 seconds 
Editor requested this worker to shutdown with reason: Scaling down because of idle timeout
AssetImportWorker is now disconnected from the server
Process exiting
Exiting without the bug reporter. Application will terminate with return code 0